2014-07-04 01:46:33,230 [localhost-startStop-1] ERROR StackTrace  - Full Stack Trace:
java.lang.IllegalStateException: Method on class [Book] was used outside of a Grails application. If running in the context of a test using the mocking API or bootstrap Grails correctly.
	at Book.currentGormInstanceApi(Book.groovy)
	at Book.save(Book.groovy)
	at Book$save.call(Unknown Source)
	at org.codehaus.groovy.runtime.callsite.CallSiteArray.defaultCall(CallSiteArray.java:45)
	at org.codehaus.groovy.runtime.callsite.AbstractCallSite.call(AbstractCallSite.java:108)
	at org.codehaus.groovy.runtime.callsite.AbstractCallSite.call(AbstractCallSite.java:112)
	at BootStrap$_closure1.doCall(BootStrap.groovy:4)
	at sun.reflect.NativeMethodAccessorImpl.invoke0(Native Method)
	at sun.reflect.NativeMethodAccessorImpl.invoke(NativeMethodAccessorImpl.java:57)
	at sun.reflect.DelegatingMethodAccessorImpl.invoke(DelegatingMethodAccessorImpl.java:43)
	at java.lang.reflect.Method.invoke(Method.java:606)
	at org.springsource.loaded.ri.ReflectiveInterceptor.jlrMethodInvoke(ReflectiveInterceptor.java:1270)
	at org.codehaus.groovy.reflection.CachedMethod.invoke(CachedMethod.java:90)
	at groovy.lang.MetaMethod.doMethodInvoke(MetaMethod.java:233)
	at groovy.lang.MetaClassImpl.invokeMethod(MetaClassImpl.java:1085)
	at groovy.lang.ExpandoMetaClass.invokeMethod(ExpandoMetaClass.java:1110)
	at groovy.lang.MetaClassImpl.invokeMethod(MetaClassImpl.java:909)
	at groovy.lang.MetaClassImpl.invokeMethod(MetaClassImpl.java:959)
	at groovy.lang.ExpandoMetaClass.invokeMethod(ExpandoMetaClass.java:1110)
	at groovy.lang.MetaClassImpl.invokeMethod(MetaClassImpl.java:909)
	at groovy.lang.Closure.call(Closure.java:423)
	at groovy.lang.Closure.call(Closure.java:417)
	at grails.util.Environment.evaluateEnvironmentSpecificBlock(Environment.java:327)
	at grails.util.Environment.executeForEnvironment(Environment.java:320)
	at grails.util.Environment.executeForCurrentEnvironment(Environment.java:296)
	at org.codehaus.groovy.grails.commons.DefaultGrailsBootstrapClass.callInit(DefaultGrailsBootstrapClass.java:60)
	at org.codehaus.groovy.grails.web.context.GrailsConfigUtils.executeGrailsBootstraps(GrailsConfigUtils.java:78)
	at org.codehaus.groovy.grails.web.context.GrailsContextLoaderListener.initWebApplicationContext(GrailsContextLoaderListener.java:110)
	at org.springframework.web.context.ContextLoaderListener.contextInitialized(ContextLoaderListener.java:106)
	at org.apache.catalina.core.StandardContext.listenerStart(StandardContext.java:4973)
	at org.apache.catalina.core.StandardContext.startInternal(StandardContext.java:5467)
	at org.apache.catalina.util.LifecycleBase.start(LifecycleBase.java:150)
	at org.apache.catalina.core.ContainerBase$StartChild.call(ContainerBase.java:1559)
	at org.apache.catalina.core.ContainerBase$StartChild.call(ContainerBase.java:1549)
	at java.util.concurrent.FutureTask.run(FutureTask.java:262)
	at java.util.concurrent.ThreadPoolExecutor.runWorker(ThreadPoolExecutor.java:1145)
	at java.util.concurrent.ThreadPoolExecutor$Worker.run(ThreadPoolExecutor.java:615)
	at java.lang.Thread.run(Thread.java:744)
2014-07-04 01:46:33,236 [localhost-startStop-1] ERROR StackTrace  - Full Stack Trace:
java.lang.IllegalStateException: Method on class [Book] was used outside of a Grails application. If running in the context of a test using the mocking API or bootstrap Grails correctly.
	at BootStrap$_closure1.doCall(BootStrap.groovy:4)
	at grails.util.Environment.evaluateEnvironmentSpecificBlock(Environment.java:327)
	at grails.util.Environment.executeForEnvironment(Environment.java:320)
	at grails.util.Environment.executeForCurrentEnvironment(Environment.java:296)
	at java.util.concurrent.FutureTask.run(FutureTask.java:262)
	at java.util.concurrent.ThreadPoolExecutor.runWorker(ThreadPoolExecutor.java:1145)
	at java.util.concurrent.ThreadPoolExecutor$Worker.run(ThreadPoolExecutor.java:615)
	at java.lang.Thread.run(Thread.java:744)
2014-07-04 01:46:33,236 [localhost-startStop-1] ERROR StackTrace  - Full Stack Trace:
java.lang.IllegalStateException: Method on class [Book] was used outside of a Grails application. If running in the context of a test using the mocking API or bootstrap Grails correctly.
	at BootStrap$_closure1.doCall(BootStrap.groovy:4)
	at grails.util.Environment.evaluateEnvironmentSpecificBlock(Environment.java:327)
	at grails.util.Environment.executeForEnvironment(Environment.java:320)
	at grails.util.Environment.executeForCurrentEnvironment(Environment.java:296)
	at java.util.concurrent.FutureTask.run(FutureTask.java:262)
	at java.util.concurrent.ThreadPoolExecutor.runWorker(ThreadPoolExecutor.java:1145)
	at java.util.concurrent.ThreadPoolExecutor$Worker.run(ThreadPoolExecutor.java:615)
	at java.lang.Thread.run(Thread.java:744)
2014-07-04 01:46:33,236 [localhost-startStop-1] ERROR StackTrace  - Full Stack Trace:
java.lang.IllegalStateException: Method on class [Book] was used outside of a Grails application. If running in the context of a test using the mocking API or bootstrap Grails correctly.
	at BootStrap$_closure1.doCall(BootStrap.groovy:4)
	at grails.util.Environment.evaluateEnvironmentSpecificBlock(Environment.java:327)
	at grails.util.Environment.executeForEnvironment(Environment.java:320)
	at grails.util.Environment.executeForCurrentEnvironment(Environment.java:296)
	at java.util.concurrent.FutureTask.run(FutureTask.java:262)
	at java.util.concurrent.ThreadPoolExecutor.runWorker(ThreadPoolExecutor.java:1145)
	at java.util.concurrent.ThreadPoolExecutor$Worker.run(ThreadPoolExecutor.java:615)
	at java.lang.Thread.run(Thread.java:744)
2014-07-04 01:46:33,237 [localhost-startStop-1] ERROR StackTrace  - Full Stack Trace:
java.lang.IllegalStateException: Method on class [Book] was used outside of a Grails application. If running in the context of a test using the mocking API or bootstrap Grails correctly.
	at BootStrap$_closure1.doCall(BootStrap.groovy:4)
	at grails.util.Environment.evaluateEnvironmentSpecificBlock(Environment.java:327)
	at grails.util.Environment.executeForEnvironment(Environment.java:320)
	at grails.util.Environment.executeForCurrentEnvironment(Environment.java:296)
	at java.util.concurrent.FutureTask.run(FutureTask.java:262)
	at java.util.concurrent.ThreadPoolExecutor.runWorker(ThreadPoolExecutor.java:1145)
	at java.util.concurrent.ThreadPoolExecutor$Worker.run(ThreadPoolExecutor.java:615)
	at java.lang.Thread.run(Thread.java:744)
2014-07-04 01:46:33,237 [localhost-startStop-1] ERROR StackTrace  - Full Stack Trace:
java.lang.IllegalStateException: Method on class [Book] was used outside of a Grails application. If running in the context of a test using the mocking API or bootstrap Grails correctly.
	at BootStrap$_closure1.doCall(BootStrap.groovy:4)
	at grails.util.Environment.evaluateEnvironmentSpecificBlock(Environment.java:327)
	at grails.util.Environment.executeForEnvironment(Environment.java:320)
	at grails.util.Environment.executeForCurrentEnvironment(Environment.java:296)
	at java.util.concurrent.FutureTask.run(FutureTask.java:262)
	at java.util.concurrent.ThreadPoolExecutor.runWorker(ThreadPoolExecutor.java:1145)
	at java.util.concurrent.ThreadPoolExecutor$Worker.run(ThreadPoolExecutor.java:615)
	at java.lang.Thread.run(Thread.java:744)
2014-07-04 01:52:30,494 [localhost-startStop-1] ERROR StackTrace  - Full Stack Trace:
java.lang.IllegalStateException: Method on class [Book] was used outside of a Grails application. If running in the context of a test using the mocking API or bootstrap Grails correctly.
	at Book.currentGormInstanceApi(Book.groovy)
	at Book.save(Book.groovy)
	at Book$save.call(Unknown Source)
	at org.codehaus.groovy.runtime.callsite.CallSiteArray.defaultCall(CallSiteArray.java:45)
	at org.codehaus.groovy.runtime.callsite.AbstractCallSite.call(AbstractCallSite.java:108)
	at org.codehaus.groovy.runtime.callsite.AbstractCallSite.call(AbstractCallSite.java:112)
	at BootStrap$_closure1.doCall(BootStrap.groovy:4)
	at sun.reflect.NativeMethodAccessorImpl.invoke0(Native Method)
	at sun.reflect.NativeMethodAccessorImpl.invoke(NativeMethodAccessorImpl.java:57)
	at sun.reflect.DelegatingMethodAccessorImpl.invoke(DelegatingMethodAccessorImpl.java:43)
	at java.lang.reflect.Method.invoke(Method.java:606)
	at org.springsource.loaded.ri.ReflectiveInterceptor.jlrMethodInvoke(ReflectiveInterceptor.java:1270)
	at org.codehaus.groovy.reflection.CachedMethod.invoke(CachedMethod.java:90)
	at groovy.lang.MetaMethod.doMethodInvoke(MetaMethod.java:233)
	at groovy.lang.MetaClassImpl.invokeMethod(MetaClassImpl.java:1085)
	at groovy.lang.ExpandoMetaClass.invokeMethod(ExpandoMetaClass.java:1110)
	at groovy.lang.MetaClassImpl.invokeMethod(MetaClassImpl.java:909)
	at groovy.lang.MetaClassImpl.invokeMethod(MetaClassImpl.java:959)
	at groovy.lang.ExpandoMetaClass.invokeMethod(ExpandoMetaClass.java:1110)
	at groovy.lang.MetaClassImpl.invokeMethod(MetaClassImpl.java:909)
	at groovy.lang.Closure.call(Closure.java:423)
	at groovy.lang.Closure.call(Closure.java:417)
	at grails.util.Environment.evaluateEnvironmentSpecificBlock(Environment.java:327)
	at grails.util.Environment.executeForEnvironment(Environment.java:320)
	at grails.util.Environment.executeForCurrentEnvironment(Environment.java:296)
	at org.codehaus.groovy.grails.commons.DefaultGrailsBootstrapClass.callInit(DefaultGrailsBootstrapClass.java:60)
	at org.codehaus.groovy.grails.web.context.GrailsConfigUtils.executeGrailsBootstraps(GrailsConfigUtils.java:78)
	at org.codehaus.groovy.grails.web.context.GrailsContextLoaderListener.initWebApplicationContext(GrailsContextLoaderListener.java:110)
	at org.springframework.web.context.ContextLoaderListener.contextInitialized(ContextLoaderListener.java:106)
	at org.apache.catalina.core.StandardContext.listenerStart(StandardContext.java:4973)
	at org.apache.catalina.core.StandardContext.startInternal(StandardContext.java:5467)
	at org.apache.catalina.util.LifecycleBase.start(LifecycleBase.java:150)
	at org.apache.catalina.core.ContainerBase$StartChild.call(ContainerBase.java:1559)
	at org.apache.catalina.core.ContainerBase$StartChild.call(ContainerBase.java:1549)
	at java.util.concurrent.FutureTask.run(FutureTask.java:262)
	at java.util.concurrent.ThreadPoolExecutor.runWorker(ThreadPoolExecutor.java:1145)
	at java.util.concurrent.ThreadPoolExecutor$Worker.run(ThreadPoolExecutor.java:615)
	at java.lang.Thread.run(Thread.java:744)
2014-07-04 01:52:30,502 [localhost-startStop-1] ERROR StackTrace  - Full Stack Trace:
java.lang.IllegalStateException: Method on class [Book] was used outside of a Grails application. If running in the context of a test using the mocking API or bootstrap Grails correctly.
	at BootStrap$_closure1.doCall(BootStrap.groovy:4)
	at grails.util.Environment.evaluateEnvironmentSpecificBlock(Environment.java:327)
	at grails.util.Environment.executeForEnvironment(Environment.java:320)
	at grails.util.Environment.executeForCurrentEnvironment(Environment.java:296)
	at java.util.concurrent.FutureTask.run(FutureTask.java:262)
	at java.util.concurrent.ThreadPoolExecutor.runWorker(ThreadPoolExecutor.java:1145)
	at java.util.concurrent.ThreadPoolExecutor$Worker.run(ThreadPoolExecutor.java:615)
	at java.lang.Thread.run(Thread.java:744)
2014-07-04 01:52:30,502 [localhost-startStop-1] ERROR StackTrace  - Full Stack Trace:
java.lang.IllegalStateException: Method on class [Book] was used outside of a Grails application. If running in the context of a test using the mocking API or bootstrap Grails correctly.
	at BootStrap$_closure1.doCall(BootStrap.groovy:4)
	at grails.util.Environment.evaluateEnvironmentSpecificBlock(Environment.java:327)
	at grails.util.Environment.executeForEnvironment(Environment.java:320)
	at grails.util.Environment.executeForCurrentEnvironment(Environment.java:296)
	at java.util.concurrent.FutureTask.run(FutureTask.java:262)
	at java.util.concurrent.ThreadPoolExecutor.runWorker(ThreadPoolExecutor.java:1145)
	at java.util.concurrent.ThreadPoolExecutor$Worker.run(ThreadPoolExecutor.java:615)
	at java.lang.Thread.run(Thread.java:744)
2014-07-04 01:52:30,503 [localhost-startStop-1] ERROR StackTrace  - Full Stack Trace:
java.lang.IllegalStateException: Method on class [Book] was used outside of a Grails application. If running in the context of a test using the mocking API or bootstrap Grails correctly.
	at BootStrap$_closure1.doCall(BootStrap.groovy:4)
	at grails.util.Environment.evaluateEnvironmentSpecificBlock(Environment.java:327)
	at grails.util.Environment.executeForEnvironment(Environment.java:320)
	at grails.util.Environment.executeForCurrentEnvironment(Environment.java:296)
	at java.util.concurrent.FutureTask.run(FutureTask.java:262)
	at java.util.concurrent.ThreadPoolExecutor.runWorker(ThreadPoolExecutor.java:1145)
	at java.util.concurrent.ThreadPoolExecutor$Worker.run(ThreadPoolExecutor.java:615)
	at java.lang.Thread.run(Thread.java:744)
2014-07-04 01:52:30,504 [localhost-startStop-1] ERROR StackTrace  - Full Stack Trace:
java.lang.IllegalStateException: Method on class [Book] was used outside of a Grails application. If running in the context of a test using the mocking API or bootstrap Grails correctly.
	at BootStrap$_closure1.doCall(BootStrap.groovy:4)
	at grails.util.Environment.evaluateEnvironmentSpecificBlock(Environment.java:327)
	at grails.util.Environment.executeForEnvironment(Environment.java:320)
	at grails.util.Environment.executeForCurrentEnvironment(Environment.java:296)
	at java.util.concurrent.FutureTask.run(FutureTask.java:262)
	at java.util.concurrent.ThreadPoolExecutor.runWorker(ThreadPoolExecutor.java:1145)
	at java.util.concurrent.ThreadPoolExecutor$Worker.run(ThreadPoolExecutor.java:615)
	at java.lang.Thread.run(Thread.java:744)
2014-07-04 01:52:30,505 [localhost-startStop-1] ERROR StackTrace  - Full Stack Trace:
java.lang.IllegalStateException: Method on class [Book] was used outside of a Grails application. If running in the context of a test using the mocking API or bootstrap Grails correctly.
	at BootStrap$_closure1.doCall(BootStrap.groovy:4)
	at grails.util.Environment.evaluateEnvironmentSpecificBlock(Environment.java:327)
	at grails.util.Environment.executeForEnvironment(Environment.java:320)
	at grails.util.Environment.executeForCurrentEnvironment(Environment.java:296)
	at java.util.concurrent.FutureTask.run(FutureTask.java:262)
	at java.util.concurrent.ThreadPoolExecutor.runWorker(ThreadPoolExecutor.java:1145)
	at java.util.concurrent.ThreadPoolExecutor$Worker.run(ThreadPoolExecutor.java:615)
	at java.lang.Thread.run(Thread.java:744)
2014-07-04 01:55:04,390 [localhost-startStop-1] ERROR StackTrace  - Full Stack Trace:
java.lang.IllegalStateException: Method on class [Book] was used outside of a Grails application. If running in the context of a test using the mocking API or bootstrap Grails correctly.
	at Book.currentGormInstanceApi(Book.groovy)
	at Book.save(Book.groovy)
	at Book$save.call(Unknown Source)
	at org.codehaus.groovy.runtime.callsite.CallSiteArray.defaultCall(CallSiteArray.java:45)
	at org.codehaus.groovy.runtime.callsite.AbstractCallSite.call(AbstractCallSite.java:108)
	at org.codehaus.groovy.runtime.callsite.AbstractCallSite.call(AbstractCallSite.java:112)
	at BootStrap$_closure1.doCall(BootStrap.groovy:4)
	at sun.reflect.NativeMethodAccessorImpl.invoke0(Native Method)
	at sun.reflect.NativeMethodAccessorImpl.invoke(NativeMethodAccessorImpl.java:57)
	at sun.reflect.DelegatingMethodAccessorImpl.invoke(DelegatingMethodAccessorImpl.java:43)
	at java.lang.reflect.Method.invoke(Method.java:606)
	at org.springsource.loaded.ri.ReflectiveInterceptor.jlrMethodInvoke(ReflectiveInterceptor.java:1270)
	at org.codehaus.groovy.reflection.CachedMethod.invoke(CachedMethod.java:90)
	at groovy.lang.MetaMethod.doMethodInvoke(MetaMethod.java:233)
	at groovy.lang.MetaClassImpl.invokeMethod(MetaClassImpl.java:1085)
	at groovy.lang.ExpandoMetaClass.invokeMethod(ExpandoMetaClass.java:1110)
	at groovy.lang.MetaClassImpl.invokeMethod(MetaClassImpl.java:909)
	at groovy.lang.MetaClassImpl.invokeMethod(MetaClassImpl.java:959)
	at groovy.lang.ExpandoMetaClass.invokeMethod(ExpandoMetaClass.java:1110)
	at groovy.lang.MetaClassImpl.invokeMethod(MetaClassImpl.java:909)
	at groovy.lang.Closure.call(Closure.java:423)
	at groovy.lang.Closure.call(Closure.java:417)
	at grails.util.Environment.evaluateEnvironmentSpecificBlock(Environment.java:327)
	at grails.util.Environment.executeForEnvironment(Environment.java:320)
	at grails.util.Environment.executeForCurrentEnvironment(Environment.java:296)
	at org.codehaus.groovy.grails.commons.DefaultGrailsBootstrapClass.callInit(DefaultGrailsBootstrapClass.java:60)
	at org.codehaus.groovy.grails.web.context.GrailsConfigUtils.executeGrailsBootstraps(GrailsConfigUtils.java:78)
	at org.codehaus.groovy.grails.web.context.GrailsContextLoaderListener.initWebApplicationContext(GrailsContextLoaderListener.java:110)
	at org.springframework.web.context.ContextLoaderListener.contextInitialized(ContextLoaderListener.java:106)
	at org.apache.catalina.core.StandardContext.listenerStart(StandardContext.java:4973)
	at org.apache.catalina.core.StandardContext.startInternal(StandardContext.java:5467)
	at org.apache.catalina.util.LifecycleBase.start(LifecycleBase.java:150)
	at org.apache.catalina.core.ContainerBase$StartChild.call(ContainerBase.java:1559)
	at org.apache.catalina.core.ContainerBase$StartChild.call(ContainerBase.java:1549)
	at java.util.concurrent.FutureTask.run(FutureTask.java:262)
	at java.util.concurrent.ThreadPoolExecutor.runWorker(ThreadPoolExecutor.java:1145)
	at java.util.concurrent.ThreadPoolExecutor$Worker.run(ThreadPoolExecutor.java:615)
	at java.lang.Thread.run(Thread.java:744)
2014-07-04 01:55:04,401 [localhost-startStop-1] ERROR StackTrace  - Full Stack Trace:
java.lang.IllegalStateException: Method on class [Book] was used outside of a Grails application. If running in the context of a test using the mocking API or bootstrap Grails correctly.
	at BootStrap$_closure1.doCall(BootStrap.groovy:4)
	at grails.util.Environment.evaluateEnvironmentSpecificBlock(Environment.java:327)
	at grails.util.Environment.executeForEnvironment(Environment.java:320)
	at grails.util.Environment.executeForCurrentEnvironment(Environment.java:296)
	at java.util.concurrent.FutureTask.run(FutureTask.java:262)
	at java.util.concurrent.ThreadPoolExecutor.runWorker(ThreadPoolExecutor.java:1145)
	at java.util.concurrent.ThreadPoolExecutor$Worker.run(ThreadPoolExecutor.java:615)
	at java.lang.Thread.run(Thread.java:744)
2014-07-04 01:55:04,401 [localhost-startStop-1] ERROR StackTrace  - Full Stack Trace:
java.lang.IllegalStateException: Method on class [Book] was used outside of a Grails application. If running in the context of a test using the mocking API or bootstrap Grails correctly.
	at BootStrap$_closure1.doCall(BootStrap.groovy:4)
	at grails.util.Environment.evaluateEnvironmentSpecificBlock(Environment.java:327)
	at grails.util.Environment.executeForEnvironment(Environment.java:320)
	at grails.util.Environment.executeForCurrentEnvironment(Environment.java:296)
	at java.util.concurrent.FutureTask.run(FutureTask.java:262)
	at java.util.concurrent.ThreadPoolExecutor.runWorker(ThreadPoolExecutor.java:1145)
	at java.util.concurrent.ThreadPoolExecutor$Worker.run(ThreadPoolExecutor.java:615)
	at java.lang.Thread.run(Thread.java:744)
2014-07-04 01:55:04,402 [localhost-startStop-1] ERROR StackTrace  - Full Stack Trace:
java.lang.IllegalStateException: Method on class [Book] was used outside of a Grails application. If running in the context of a test using the mocking API or bootstrap Grails correctly.
	at BootStrap$_closure1.doCall(BootStrap.groovy:4)
	at grails.util.Environment.evaluateEnvironmentSpecificBlock(Environment.java:327)
	at grails.util.Environment.executeForEnvironment(Environment.java:320)
	at grails.util.Environment.executeForCurrentEnvironment(Environment.java:296)
	at java.util.concurrent.FutureTask.run(FutureTask.java:262)
	at java.util.concurrent.ThreadPoolExecutor.runWorker(ThreadPoolExecutor.java:1145)
	at java.util.concurrent.ThreadPoolExecutor$Worker.run(ThreadPoolExecutor.java:615)
	at java.lang.Thread.run(Thread.java:744)
2014-07-04 01:55:04,403 [localhost-startStop-1] ERROR StackTrace  - Full Stack Trace:
java.lang.IllegalStateException: Method on class [Book] was used outside of a Grails application. If running in the context of a test using the mocking API or bootstrap Grails correctly.
	at BootStrap$_closure1.doCall(BootStrap.groovy:4)
	at grails.util.Environment.evaluateEnvironmentSpecificBlock(Environment.java:327)
	at grails.util.Environment.executeForEnvironment(Environment.java:320)
	at grails.util.Environment.executeForCurrentEnvironment(Environment.java:296)
	at java.util.concurrent.FutureTask.run(FutureTask.java:262)
	at java.util.concurrent.ThreadPoolExecutor.runWorker(ThreadPoolExecutor.java:1145)
	at java.util.concurrent.ThreadPoolExecutor$Worker.run(ThreadPoolExecutor.java:615)
	at java.lang.Thread.run(Thread.java:744)
2014-07-04 01:55:04,403 [localhost-startStop-1] ERROR StackTrace  - Full Stack Trace:
java.lang.IllegalStateException: Method on class [Book] was used outside of a Grails application. If running in the context of a test using the mocking API or bootstrap Grails correctly.
	at BootStrap$_closure1.doCall(BootStrap.groovy:4)
	at grails.util.Environment.evaluateEnvironmentSpecificBlock(Environment.java:327)
	at grails.util.Environment.executeForEnvironment(Environment.java:320)
	at grails.util.Environment.executeForCurrentEnvironment(Environment.java:296)
	at java.util.concurrent.FutureTask.run(FutureTask.java:262)
	at java.util.concurrent.ThreadPoolExecutor.runWorker(ThreadPoolExecutor.java:1145)
	at java.util.concurrent.ThreadPoolExecutor$Worker.run(ThreadPoolExecutor.java:615)
	at java.lang.Thread.run(Thread.java:744)
2014-07-04 01:58:54,697 [localhost-startStop-1] ERROR StackTrace  - Full Stack Trace:
java.lang.IllegalStateException: Method on class [Book] was used outside of a Grails application. If running in the context of a test using the mocking API or bootstrap Grails correctly.
	at Book.currentGormInstanceApi(Book.groovy)
	at Book.save(Book.groovy)
	at Book$save.call(Unknown Source)
	at org.codehaus.groovy.runtime.callsite.CallSiteArray.defaultCall(CallSiteArray.java:45)
	at org.codehaus.groovy.runtime.callsite.AbstractCallSite.call(AbstractCallSite.java:108)
	at org.codehaus.groovy.runtime.callsite.AbstractCallSite.call(AbstractCallSite.java:112)
	at BootStrap$_closure1.doCall(BootStrap.groovy:4)
	at sun.reflect.NativeMethodAccessorImpl.invoke0(Native Method)
	at sun.reflect.NativeMethodAccessorImpl.invoke(NativeMethodAccessorImpl.java:57)
	at sun.reflect.DelegatingMethodAccessorImpl.invoke(DelegatingMethodAccessorImpl.java:43)
	at java.lang.reflect.Method.invoke(Method.java:606)
	at org.springsource.loaded.ri.ReflectiveInterceptor.jlrMethodInvoke(ReflectiveInterceptor.java:1270)
	at org.codehaus.groovy.reflection.CachedMethod.invoke(CachedMethod.java:90)
	at groovy.lang.MetaMethod.doMethodInvoke(MetaMethod.java:233)
	at groovy.lang.MetaClassImpl.invokeMethod(MetaClassImpl.java:1085)
	at groovy.lang.ExpandoMetaClass.invokeMethod(ExpandoMetaClass.java:1110)
	at groovy.lang.MetaClassImpl.invokeMethod(MetaClassImpl.java:909)
	at groovy.lang.MetaClassImpl.invokeMethod(MetaClassImpl.java:959)
	at groovy.lang.ExpandoMetaClass.invokeMethod(ExpandoMetaClass.java:1110)
	at groovy.lang.MetaClassImpl.invokeMethod(MetaClassImpl.java:909)
	at groovy.lang.Closure.call(Closure.java:423)
	at groovy.lang.Closure.call(Closure.java:417)
	at grails.util.Environment.evaluateEnvironmentSpecificBlock(Environment.java:327)
	at grails.util.Environment.executeForEnvironment(Environment.java:320)
	at grails.util.Environment.executeForCurrentEnvironment(Environment.java:296)
	at org.codehaus.groovy.grails.commons.DefaultGrailsBootstrapClass.callInit(DefaultGrailsBootstrapClass.java:60)
	at org.codehaus.groovy.grails.web.context.GrailsConfigUtils.executeGrailsBootstraps(GrailsConfigUtils.java:78)
	at org.codehaus.groovy.grails.web.context.GrailsContextLoaderListener.initWebApplicationContext(GrailsContextLoaderListener.java:110)
	at org.springframework.web.context.ContextLoaderListener.contextInitialized(ContextLoaderListener.java:106)
	at org.apache.catalina.core.StandardContext.listenerStart(StandardContext.java:4973)
	at org.apache.catalina.core.StandardContext.startInternal(StandardContext.java:5467)
	at org.apache.catalina.util.LifecycleBase.start(LifecycleBase.java:150)
	at org.apache.catalina.core.ContainerBase$StartChild.call(ContainerBase.java:1559)
	at org.apache.catalina.core.ContainerBase$StartChild.call(ContainerBase.java:1549)
	at java.util.concurrent.FutureTask.run(FutureTask.java:262)
	at java.util.concurrent.ThreadPoolExecutor.runWorker(ThreadPoolExecutor.java:1145)
	at java.util.concurrent.ThreadPoolExecutor$Worker.run(ThreadPoolExecutor.java:615)
	at java.lang.Thread.run(Thread.java:744)
2014-07-04 01:58:54,708 [localhost-startStop-1] ERROR StackTrace  - Full Stack Trace:
java.lang.IllegalStateException: Method on class [Book] was used outside of a Grails application. If running in the context of a test using the mocking API or bootstrap Grails correctly.
	at BootStrap$_closure1.doCall(BootStrap.groovy:4)
	at grails.util.Environment.evaluateEnvironmentSpecificBlock(Environment.java:327)
	at grails.util.Environment.executeForEnvironment(Environment.java:320)
	at grails.util.Environment.executeForCurrentEnvironment(Environment.java:296)
	at java.util.concurrent.FutureTask.run(FutureTask.java:262)
	at java.util.concurrent.ThreadPoolExecutor.runWorker(ThreadPoolExecutor.java:1145)
	at java.util.concurrent.ThreadPoolExecutor$Worker.run(ThreadPoolExecutor.java:615)
	at java.lang.Thread.run(Thread.java:744)
2014-07-04 01:58:54,709 [localhost-startStop-1] ERROR StackTrace  - Full Stack Trace:
java.lang.IllegalStateException: Method on class [Book] was used outside of a Grails application. If running in the context of a test using the mocking API or bootstrap Grails correctly.
	at BootStrap$_closure1.doCall(BootStrap.groovy:4)
	at grails.util.Environment.evaluateEnvironmentSpecificBlock(Environment.java:327)
	at grails.util.Environment.executeForEnvironment(Environment.java:320)
	at grails.util.Environment.executeForCurrentEnvironment(Environment.java:296)
	at java.util.concurrent.FutureTask.run(FutureTask.java:262)
	at java.util.concurrent.ThreadPoolExecutor.runWorker(ThreadPoolExecutor.java:1145)
	at java.util.concurrent.ThreadPoolExecutor$Worker.run(ThreadPoolExecutor.java:615)
	at java.lang.Thread.run(Thread.java:744)
2014-07-04 01:58:54,710 [localhost-startStop-1] ERROR StackTrace  - Full Stack Trace:
java.lang.IllegalStateException: Method on class [Book] was used outside of a Grails application. If running in the context of a test using the mocking API or bootstrap Grails correctly.
	at BootStrap$_closure1.doCall(BootStrap.groovy:4)
	at grails.util.Environment.evaluateEnvironmentSpecificBlock(Environment.java:327)
	at grails.util.Environment.executeForEnvironment(Environment.java:320)
	at grails.util.Environment.executeForCurrentEnvironment(Environment.java:296)
	at java.util.concurrent.FutureTask.run(FutureTask.java:262)
	at java.util.concurrent.ThreadPoolExecutor.runWorker(ThreadPoolExecutor.java:1145)
	at java.util.concurrent.ThreadPoolExecutor$Worker.run(ThreadPoolExecutor.java:615)
	at java.lang.Thread.run(Thread.java:744)
2014-07-04 01:58:54,711 [localhost-startStop-1] ERROR StackTrace  - Full Stack Trace:
java.lang.IllegalStateException: Method on class [Book] was used outside of a Grails application. If running in the context of a test using the mocking API or bootstrap Grails correctly.
	at BootStrap$_closure1.doCall(BootStrap.groovy:4)
	at grails.util.Environment.evaluateEnvironmentSpecificBlock(Environment.java:327)
	at grails.util.Environment.executeForEnvironment(Environment.java:320)
	at grails.util.Environment.executeForCurrentEnvironment(Environment.java:296)
	at java.util.concurrent.FutureTask.run(FutureTask.java:262)
	at java.util.concurrent.ThreadPoolExecutor.runWorker(ThreadPoolExecutor.java:1145)
	at java.util.concurrent.ThreadPoolExecutor$Worker.run(ThreadPoolExecutor.java:615)
	at java.lang.Thread.run(Thread.java:744)
2014-07-04 01:58:54,711 [localhost-startStop-1] ERROR StackTrace  - Full Stack Trace:
java.lang.IllegalStateException: Method on class [Book] was used outside of a Grails application. If running in the context of a test using the mocking API or bootstrap Grails correctly.
	at BootStrap$_closure1.doCall(BootStrap.groovy:4)
	at grails.util.Environment.evaluateEnvironmentSpecificBlock(Environment.java:327)
	at grails.util.Environment.executeForEnvironment(Environment.java:320)
	at grails.util.Environment.executeForCurrentEnvironment(Environment.java:296)
	at java.util.concurrent.FutureTask.run(FutureTask.java:262)
	at java.util.concurrent.ThreadPoolExecutor.runWorker(ThreadPoolExecutor.java:1145)
	at java.util.concurrent.ThreadPoolExecutor$Worker.run(ThreadPoolExecutor.java:615)
	at java.lang.Thread.run(Thread.java:744)
2014-07-04 02:02:58,217 [localhost-startStop-1] ERROR StackTrace  - Full Stack Trace:
java.lang.IllegalStateException: Method on class [Book] was used outside of a Grails application. If running in the context of a test using the mocking API or bootstrap Grails correctly.
	at Book.currentGormInstanceApi(Book.groovy)
	at Book.save(Book.groovy)
	at Book$save.call(Unknown Source)
	at org.codehaus.groovy.runtime.callsite.CallSiteArray.defaultCall(CallSiteArray.java:45)
	at org.codehaus.groovy.runtime.callsite.AbstractCallSite.call(AbstractCallSite.java:108)
	at org.codehaus.groovy.runtime.callsite.AbstractCallSite.call(AbstractCallSite.java:112)
	at BootStrap$_closure1.doCall(BootStrap.groovy:4)
	at sun.reflect.NativeMethodAccessorImpl.invoke0(Native Method)
	at sun.reflect.NativeMethodAccessorImpl.invoke(NativeMethodAccessorImpl.java:57)
	at sun.reflect.DelegatingMethodAccessorImpl.invoke(DelegatingMethodAccessorImpl.java:43)
	at java.lang.reflect.Method.invoke(Method.java:606)
	at org.springsource.loaded.ri.ReflectiveInterceptor.jlrMethodInvoke(ReflectiveInterceptor.java:1270)
	at org.codehaus.groovy.reflection.CachedMethod.invoke(CachedMethod.java:90)
	at groovy.lang.MetaMethod.doMethodInvoke(MetaMethod.java:233)
	at groovy.lang.MetaClassImpl.invokeMethod(MetaClassImpl.java:1085)
	at groovy.lang.ExpandoMetaClass.invokeMethod(ExpandoMetaClass.java:1110)
	at groovy.lang.MetaClassImpl.invokeMethod(MetaClassImpl.java:909)
	at groovy.lang.MetaClassImpl.invokeMethod(MetaClassImpl.java:959)
	at groovy.lang.ExpandoMetaClass.invokeMethod(ExpandoMetaClass.java:1110)
	at groovy.lang.MetaClassImpl.invokeMethod(MetaClassImpl.java:909)
	at groovy.lang.Closure.call(Closure.java:423)
	at groovy.lang.Closure.call(Closure.java:417)
	at grails.util.Environment.evaluateEnvironmentSpecificBlock(Environment.java:327)
	at grails.util.Environment.executeForEnvironment(Environment.java:320)
	at grails.util.Environment.executeForCurrentEnvironment(Environment.java:296)
	at org.codehaus.groovy.grails.commons.DefaultGrailsBootstrapClass.callInit(DefaultGrailsBootstrapClass.java:60)
	at org.codehaus.groovy.grails.web.context.GrailsConfigUtils.executeGrailsBootstraps(GrailsConfigUtils.java:78)
	at org.codehaus.groovy.grails.web.context.GrailsContextLoaderListener.initWebApplicationContext(GrailsContextLoaderListener.java:110)
	at org.springframework.web.context.ContextLoaderListener.contextInitialized(ContextLoaderListener.java:106)
	at org.apache.catalina.core.StandardContext.listenerStart(StandardContext.java:4973)
	at org.apache.catalina.core.StandardContext.startInternal(StandardContext.java:5467)
	at org.apache.catalina.util.LifecycleBase.start(LifecycleBase.java:150)
	at org.apache.catalina.core.ContainerBase$StartChild.call(ContainerBase.java:1559)
	at org.apache.catalina.core.ContainerBase$StartChild.call(ContainerBase.java:1549)
	at java.util.concurrent.FutureTask.run(FutureTask.java:262)
	at java.util.concurrent.ThreadPoolExecutor.runWorker(ThreadPoolExecutor.java:1145)
	at java.util.concurrent.ThreadPoolExecutor$Worker.run(ThreadPoolExecutor.java:615)
	at java.lang.Thread.run(Thread.java:744)
2014-07-04 02:02:58,223 [localhost-startStop-1] ERROR StackTrace  - Full Stack Trace:
java.lang.IllegalStateException: Method on class [Book] was used outside of a Grails application. If running in the context of a test using the mocking API or bootstrap Grails correctly.
	at BootStrap$_closure1.doCall(BootStrap.groovy:4)
	at grails.util.Environment.evaluateEnvironmentSpecificBlock(Environment.java:327)
	at grails.util.Environment.executeForEnvironment(Environment.java:320)
	at grails.util.Environment.executeForCurrentEnvironment(Environment.java:296)
	at java.util.concurrent.FutureTask.run(FutureTask.java:262)
	at java.util.concurrent.ThreadPoolExecutor.runWorker(ThreadPoolExecutor.java:1145)
	at java.util.concurrent.ThreadPoolExecutor$Worker.run(ThreadPoolExecutor.java:615)
	at java.lang.Thread.run(Thread.java:744)
2014-07-04 02:02:58,223 [localhost-startStop-1] ERROR StackTrace  - Full Stack Trace:
java.lang.IllegalStateException: Method on class [Book] was used outside of a Grails application. If running in the context of a test using the mocking API or bootstrap Grails correctly.
	at BootStrap$_closure1.doCall(BootStrap.groovy:4)
	at grails.util.Environment.evaluateEnvironmentSpecificBlock(Environment.java:327)
	at grails.util.Environment.executeForEnvironment(Environment.java:320)
	at grails.util.Environment.executeForCurrentEnvironment(Environment.java:296)
	at java.util.concurrent.FutureTask.run(FutureTask.java:262)
	at java.util.concurrent.ThreadPoolExecutor.runWorker(ThreadPoolExecutor.java:1145)
	at java.util.concurrent.ThreadPoolExecutor$Worker.run(ThreadPoolExecutor.java:615)
	at java.lang.Thread.run(Thread.java:744)
2014-07-04 02:02:58,224 [localhost-startStop-1] ERROR StackTrace  - Full Stack Trace:
java.lang.IllegalStateException: Method on class [Book] was used outside of a Grails application. If running in the context of a test using the mocking API or bootstrap Grails correctly.
	at BootStrap$_closure1.doCall(BootStrap.groovy:4)
	at grails.util.Environment.evaluateEnvironmentSpecificBlock(Environment.java:327)
	at grails.util.Environment.executeForEnvironment(Environment.java:320)
	at grails.util.Environment.executeForCurrentEnvironment(Environment.java:296)
	at java.util.concurrent.FutureTask.run(FutureTask.java:262)
	at java.util.concurrent.ThreadPoolExecutor.runWorker(ThreadPoolExecutor.java:1145)
	at java.util.concurrent.ThreadPoolExecutor$Worker.run(ThreadPoolExecutor.java:615)
	at java.lang.Thread.run(Thread.java:744)
2014-07-04 02:02:58,224 [localhost-startStop-1] ERROR StackTrace  - Full Stack Trace:
java.lang.IllegalStateException: Method on class [Book] was used outside of a Grails application. If running in the context of a test using the mocking API or bootstrap Grails correctly.
	at BootStrap$_closure1.doCall(BootStrap.groovy:4)
	at grails.util.Environment.evaluateEnvironmentSpecificBlock(Environment.java:327)
	at grails.util.Environment.executeForEnvironment(Environment.java:320)
	at grails.util.Environment.executeForCurrentEnvironment(Environment.java:296)
	at java.util.concurrent.FutureTask.run(FutureTask.java:262)
	at java.util.concurrent.ThreadPoolExecutor.runWorker(ThreadPoolExecutor.java:1145)
	at java.util.concurrent.ThreadPoolExecutor$Worker.run(ThreadPoolExecutor.java:615)
	at java.lang.Thread.run(Thread.java:744)
2014-07-04 02:02:58,224 [localhost-startStop-1] ERROR StackTrace  - Full Stack Trace:
java.lang.IllegalStateException: Method on class [Book] was used outside of a Grails application. If running in the context of a test using the mocking API or bootstrap Grails correctly.
	at BootStrap$_closure1.doCall(BootStrap.groovy:4)
	at grails.util.Environment.evaluateEnvironmentSpecificBlock(Environment.java:327)
	at grails.util.Environment.executeForEnvironment(Environment.java:320)
	at grails.util.Environment.executeForCurrentEnvironment(Environment.java:296)
	at java.util.concurrent.FutureTask.run(FutureTask.java:262)
	at java.util.concurrent.ThreadPoolExecutor.runWorker(ThreadPoolExecutor.java:1145)
	at java.util.concurrent.ThreadPoolExecutor$Worker.run(ThreadPoolExecutor.java:615)
	at java.lang.Thread.run(Thread.java:744)
